<?xml version="1.0" encoding="UTF-8"?>
<testng-results ignored="0" total="1" passed="1" failed="0" skipped="0">
  <reporter-output>
  </reporter-output>
  <suite started-at="2023-07-07T10:30:37 IST" name="Suite" finished-at="2023-07-07T10:30:37 IST" duration-ms="38">
    <groups>
    </groups>
    <test started-at="2023-07-07T10:30:37 IST" name="Test" finished-at="2023-07-07T10:30:37 IST" duration-ms="38">
      <class name="Demo.PracticeTest">
        <test-method signature="m1Test()[pri:0, instance:Demo.PracticeTest@7e0b85f9]" started-at="2023-07-07T10:30:37 IST" name="m1Test" finished-at="2023-07-07T10:30:37 IST" duration-ms="9" status="PASS">
          <reporter-output>
          </reporter-output>
        </test-method> <!-- m1Test -->
      </class> <!-- Demo.PracticeTest -->
    </test> <!-- Test -->
  </suite> <!-- Suite -->
</testng-results>
